Arguments: 
  C:\Program Files\nodejs\node.exe C:\Users\Nelo\AppData\Roaming\npm\node_modules\yarn\bin\yarn.js add typescript -D

PATH: 
  C:\Program Files\Git\mingw64\bin;C:\Program Files\Git\usr\bin;C:\Users\Nelo\bin;C:\ProgramData\Anaconda3;C:\ProgramData\Anaconda3\Library\mingw-w64\bin;C:\ProgramData\Anaconda3\Library\usr\bin;C:\ProgramData\Anaconda3\Library\bin;C:\ProgramData\Anaconda3\Scripts;C:\Program Files (x86)\Common Files\Intel\Shared Libraries\redist\intel64_win\compiler;C:\WINDOWS\system32;C:\WINDOWS;C:\WINDOWS\System32\Wbem;C:\WINDOWS\System32\WindowsPowerShell\v1.0;C:\WINDOWS\System32\OpenSSH;C:\Program Files\dotnet;C:\Program Files\Microsoft SQL Server\130\Tools\Binn;C:\Program Files\Microsoft SQL Server\120\Tools\Binn;C:\wamp64\bin\php\php7.3.5;C:\composer;C:\Program Files\Git\cmd;C:\Program Files\nodejs;C:\Program Files\Docker\Docker\resources\bin;C:\ProgramData\DockerDesktop\version-bin;C:\Users\Nelo\AppData\Local\Microsoft\WindowsApps;C:\Users\Nelo\AppData\Roaming\Composer\vendor\bin;C:\Users\Nelo\AppData\Local\Programs\Microsoft VS Code\bin;C:\Users\Nelo\AppData\Roaming\npm;C:\Users\Nelo\.dotnet\tools

Yarn version: 
  1.22.11

Node version: 
  14.17.4

Platform: 
  win32 x64

Trace: 
  Error: https://registry.yarnpkg.com/express: tunneling socket could not be established, cause=connect ECONNREFUSED 127.0.0.1:80
      at ClientRequest.onError (C:\Users\Nelo\AppData\Roaming\npm\node_modules\yarn\lib\cli.js:152249:17)
      at Object.onceWrapper (events.js:520:26)
      at ClientRequest.emit (events.js:400:28)
      at Socket.socketErrorListener (_http_client.js:475:9)
      at Socket.emit (events.js:400:28)
      at emitErrorNT (internal/streams/destroy.js:106:8)
      at emitErrorCloseNT (internal/streams/destroy.js:74:3)
      at processTicksAndRejections (internal/process/task_queues.js:82:21)

npm manifest: 
  {
    "name": "nlw-heat",
    "version": "1.0.0",
    "main": "index.js",
    "scripts": {
      "test": "echo \"Error: no test specified\" && exit 1"
    },
    "repository": {
      "type": "git",
      "url": "git+https://github.com/luiscaputo/nlw-heat.git"
    },
    "keywords": [],
    "author": "luiscaputo",
    "license": "ISC",
    "bugs": {
      "url": "https://github.com/luiscaputo/nlw-heat/issues"
    },
    "homepage": "https://github.com/luiscaputo/nlw-heat#readme",
    "devDependencies": {
      "express": "^4.17.1",
      "ts-node-dev": "^1.1.8",
      "typescript": "^4.4.4"
    },
    "dependencies": {},
    "description": ""
  }

yarn manifest: 
  No manifest

Lockfile: 
  No lockfile
